<?xml version="1.0" encoding="UTF-8"?>
<!-- Generated by org.testng.reporters.JUnitReportReporter -->
<testsuite hostname="Rishi-PC" name="readExcelData.TestConfig" tests="1" failures="0" timestamp="13 Feb 2019 19:38:15 GMT" time="37.124" errors="0">
  <testcase name="TestChrome" time="37.124" classname="readExcelData.TestConfig"/>
</testsuite> <!-- readExcelData.TestConfig -->
