<?xml version="1.0" encoding="UTF-8"?>
<!-- Generated by org.testng.reporters.JUnitReportReporter -->
<testsuite hostname="Rishi-PC" name="readExcelData.TestSeleniumBlog" tests="1" failures="0" timestamp="13 Feb 2019 19:15:26 GMT" time="0.019" errors="0">
  <testcase name="testconfig" time="0.019" classname="readExcelData.TestSeleniumBlog"/>
</testsuite> <!-- readExcelData.TestSeleniumBlog -->
