<?xml version="1.0" encoding="UTF-8"?>
<!-- Generated by org.testng.reporters.JUnitReportReporter -->
<testsuite hostname="Rishi-PC" name="seleniumProg.FacebookScreenShot" tests="1" failures="0" timestamp="16 Feb 2019 18:14:24 GMT" time="37.042" errors="0">
  <testcase name="screenshot" time="37.042" classname="seleniumProg.FacebookScreenShot"/>
</testsuite> <!-- seleniumProg.FacebookScreenShot -->
